<?xml version="1.0" encoding="UTF-8"?>
<testng-results ignored="0" total="1" passed="1" failed="0" skipped="0">
  <reporter-output>
  </reporter-output>
  <suite started-at="2026-08-13T10:19:07 IST" name="Surefire suite" finished-at="2026-08-13T10:19:16 IST" duration-ms="8960">
    <groups>
    </groups>
    <test started-at="2026-08-13T10:19:07 IST" name="Surefire test" finished-at="2026-08-13T10:19:16 IST" duration-ms="8960">
      <class name="com.saucedemo.tests.UpdateCartTest">
        <test-method is-config="true" signature="setup()[pri:0, instance:com.saucedemo.tests.UpdateCartTest@c540f5a]" started-at="2026-08-13T10:19:07 IST" name="setup" finished-at="2026-08-13T10:19:09 IST" duration-ms="2268" status="PASS">
          <reporter-output>
          </reporter-output>
        </test-method> <!-- setup -->
        <test-method signature="verifyUserCanUpdateCartByRemovingItem()[pri:0, instance:com.saucedemo.tests.UpdateCartTest@c540f5a]" started-at="2026-08-13T10:19:09 IST" name="verifyUserCanUpdateCartByRemovingItem" description="Scenario 4: User can update the cart by removing a product" finished-at="2026-08-13T10:19:11 IST" duration-ms="1538" status="PASS">
          <reporter-output>
          </reporter-output>
        </test-method> <!-- verifyUserCanUpdateCartByRemovingItem -->
        <test-method is-config="true" signature="tearDown()[pri:0, instance:com.saucedemo.tests.UpdateCartTest@c540f5a]" started-at="2026-08-13T10:19:11 IST" name="tearDown" finished-at="2026-08-13T10:19:16 IST" duration-ms="5105" status="PASS">
          <reporter-output>
          </reporter-output>
        </test-method> <!-- tearDown -->
      </class> <!-- com.saucedemo.tests.UpdateCartTest -->
    </test> <!-- Surefire test -->
  </suite> <!-- Surefire suite -->
</testng-results>
