<?xml version="1.0" encoding="UTF-8"?>
<testng-results ignored="0" total="1" passed="1" failed="0" skipped="0">
  <reporter-output>
  </reporter-output>
  <suite started-at="2026-08-07T15:32:08 IST" name="Surefire suite" finished-at="2026-08-07T15:32:12 IST" duration-ms="4149">
    <groups>
    </groups>
    <test started-at="2026-08-07T15:32:08 IST" name="Surefire test" finished-at="2026-08-07T15:32:12 IST" duration-ms="4149">
      <class name="com.saucedemo.tests.LoginTest">
        <test-method is-config="true" signature="setup()[pri:0, instance:com.saucedemo.tests.LoginTest@c540f5a]" started-at="2026-08-07T15:32:08 IST" name="setup" finished-at="2026-08-07T15:32:11 IST" duration-ms="2565" status="PASS">
          <reporter-output>
          </reporter-output>
        </test-method> <!-- setup -->
        <test-method signature="verifyUserCanLogin()[pri:0, instance:com.saucedemo.tests.LoginTest@c540f5a]" started-at="2026-08-07T15:32:11 IST" name="verifyUserCanLogin" description="Scenario 1: User can log in with valid credentials" finished-at="2026-08-07T15:32:12 IST" duration-ms="1204" status="PASS">
          <reporter-output>
          </reporter-output>
        </test-method> <!-- verifyUserCanLogin -->
        <test-method is-config="true" signature="tearDown()[pri:0, instance:com.saucedemo.tests.LoginTest@c540f5a]" started-at="2026-08-07T15:32:12 IST" name="tearDown" finished-at="2026-08-07T15:32:12 IST" duration-ms="299" status="PASS">
          <reporter-output>
          </reporter-output>
        </test-method> <!-- tearDown -->
      </class> <!-- com.saucedemo.tests.LoginTest -->
    </test> <!-- Surefire test -->
  </suite> <!-- Surefire suite -->
</testng-results>
